<?xml version="1.0" encoding="UTF-8"?>
<testsuite name="com.raccoon.TrashItemTest" tests="3" skipped="0" failures="0" errors="0" timestamp="2026-09-24T02:07:24.968Z" hostname="beluga.cp.lan" time="0.016">
  <properties/>
  <testcase name="testTrashModelAndItemDefinition()" classname="com.raccoon.TrashItemTest" time="0.013"/>
  <testcase name="testTrashRecipeJson()" classname="com.raccoon.TrashItemTest" time="0.001"/>
  <testcase name="testTrashLangEntry()" classname="com.raccoon.TrashItemTest" time="0.001"/>
  <system-out><![CDATA[]]></system-out>
  <system-err><![CDATA[]]></system-err>
</testsuite>
