<?xml version="1.0" encoding="UTF-8"?>
<testsuite xmlns:xsi="http://www.w3.org/2001/XMLSchema-instance" xsi:noNamespaceSchemaLocation="https://maven.apache.org/surefire/maven-surefire-plugin/xsd/surefire-test-report-3.0.xsd" version="3.0" name="com.raccoon.RaccoonListenerTest" time="0.56" tests="6" errors="0" skipped="0" failures="0">
  <properties>
[...]
</properties>
  <testcase name="testRaccoonNeverTargetsPlayer" classname="com.raccoon.RaccoonListenerTest" time="0.07">
    <system-err><![CDATA[[13:11:50 INFO]: =========================================
[13:11:50 INFO]:  Minecraft Raccoon Plugin v1.0.0 Enabled!
[13:11:50 INFO]:  Raccoons hatch from eggs, grow up, hunt animals, and love humans!
[13:11:50 INFO]: =========================================
]]></system-err>
  </testcase>
  <testcase name="testThrownEggProjectileHitHatchesBaby" classname="com.raccoon.RaccoonListenerTest" time="0.109">
    <system-err><![CDATA[[13:11:50 INFO]: =========================================
[13:11:50 INFO]:  Minecraft Raccoon Plugin v1.0.0 Enabled!
[13:11:50 INFO]:  Raccoons hatch from eggs, grow up, hunt animals, and love humans!
[13:11:50 INFO]: =========================================
]]></system-err>
  </testcase>
  <testcase name="testFeedingRaccoonWithItem" classname="com.raccoon.RaccoonListenerTest" time="0.116">
    <system-err><![CDATA[[13:11:50 INFO]: =========================================
[13:11:50 INFO]:  Minecraft Raccoon Plugin v1.0.0 Enabled!
[13:11:50 INFO]:  Raccoons hatch from eggs, grow up, hunt animals, and love humans!
[13:11:50 INFO]: =========================================
]]></system-err>
  </testcase>
  <testcase name="testRaccoonDamagesAnimals" classname="com.raccoon.RaccoonListenerTest" time="0.117">
    <system-err><![CDATA[[13:11:50 INFO]: =========================================
[13:11:50 INFO]:  Minecraft Raccoon Plugin v1.0.0 Enabled!
[13:11:50 INFO]:  Raccoons hatch from eggs, grow up, hunt animals, and love humans!
[13:11:50 INFO]: =========================================
]]></system-err>
  </testcase>
  <testcase name="testSneakInspectRaccoon" classname="com.raccoon.RaccoonListenerTest" time="0.074">
    <system-err><![CDATA[[13:11:50 INFO]: =========================================
[13:11:50 INFO]:  Minecraft Raccoon Plugin v1.0.0 Enabled!
[13:11:50 INFO]:  Raccoons hatch from eggs, grow up, hunt animals, and love humans!
[13:11:50 INFO]: =========================================
]]></system-err>
  </testcase>
  <testcase name="testRaccoonNeverHarmsPlayer" classname="com.raccoon.RaccoonListenerTest" time="0.066">
    <system-err><![CDATA[[13:11:50 INFO]: =========================================
[13:11:50 INFO]:  Minecraft Raccoon Plugin v1.0.0 Enabled!
[13:11:50 INFO]:  Raccoons hatch from eggs, grow up, hunt animals, and love humans!
[13:11:50 INFO]: =========================================
]]></system-err>
  </testcase>
</testsuite>